{
  "RSpec": {
    "coverage": {
      "/Users/peter/Dropbox/launchacademy/meta_review/app/models/user.rb": [
        1,
        1,
        null,
        1,
        1,
        1,
        null,
        null,
        null,
        1,
        null,
        null
      ],
      "/Users/peter/Dropbox/launchacademy/meta_review/app/helpers/application_helper.rb": [
        1,
        null
      ],
      "/Users/peter/Dropbox/launchacademy/meta_review/app/models/review.rb": [
        1,
        1,
        1,
        1,
        null,
        1,
        null
      ],
      "/Users/peter/Dropbox/launchacademy/meta_review/app/models/site.rb": [
        1,
        1,
        1,
        1,
        null,
        1,
        1,
        1,
        null
      ],
      "/Users/peter/Dropbox/launchacademy/meta_review/app/controllers/application_controller.rb": [
        1,
        null,
        null,
        1,
        null,
        1,
        null,
        1,
        null,
        1,
        4,
        null,
        null
      ],
      "/Users/peter/Dropbox/launchacademy/meta_review/app/controllers/welcome_controller.rb": [
        1,
        1,
        null,
        null
      ],
      "/Users/peter/Dropbox/launchacademy/meta_review/app/controllers/comments_controller.rb": [
        1,
        1,
        null,
        1,
        2,
        2,
        null,
        null,
        1,
        2,
        2,
        2,
        null,
        2,
        1,
        null,
        1,
        null,
        null,
        null,
        1,
        0,
        0,
        null,
        null,
        1,
        0,
        0,
        null,
        0,
        0,
        null,
        0,
        null,
        null,
        null,
        1,
        0,
        0,
        null,
        0,
        null,
        0,
        null,
        null,
        1,
        null,
        1,
        2,
        null,
        null
      ],
      "/Users/peter/Dropbox/launchacademy/meta_review/app/models/comment.rb": [
        1,
        1,
        1,
        null,
        1,
        null
      ],
      "/Users/peter/Dropbox/launchacademy/meta_review/app/controllers/sites_controller.rb": [
        1,
        1,
        null,
        null,
        1,
        0,
        null,
        null,
        1,
        1,
        1,
        1,
        null,
        null,
        1,
        0,
        null,
        null,
        1,
        0,
        null,
        0,
        0,
        null,
        0,
        null,
        null,
        null,
        1,
        0,
        null,
        null,
        1,
        0,
        null,
        0,
        0,
        null,
        0,
        null,
        null,
        null,
        1,
        0,
        null,
        0,
        null,
        0,
        null,
        null,
        1,
        null,
        1,
        0,
        null,
        null,
        null
      ]
    },
    "timestamp": 1411756229
  }
}
