{
  "RSpec": {
    "coverage": {
      "/Users/peter/Dropbox/launchacademy/meta_review/app/models/user.rb": [
        1,
        1,
        null,
        1,
        1,
        1,
        null,
        null,
        null,
        1,
        null,
        null
      ],
      "/Users/peter/Dropbox/launchacademy/meta_review/app/helpers/application_helper.rb": [
        1,
        null
      ],
      "/Users/peter/Dropbox/launchacademy/meta_review/app/models/review.rb": [
        1,
        1,
        1,
        1,
        null,
        1,
        null,
        null,
        null,
        null,
        null,
        null,
        null,
        null,
        1,
        1,
        null
      ],
      "/Users/peter/Dropbox/launchacademy/meta_review/app/models/site.rb": [
        1,
        1,
        1,
        1,
        null,
        1,
        1,
        1,
        null
      ],
      "/Users/peter/Dropbox/launchacademy/meta_review/app/controllers/application_controller.rb": [
        1,
        null,
        null,
        1,
        null,
        1,
        null,
        1,
        null,
        1,
        58,
        null,
        null
      ],
      "/Users/peter/Dropbox/launchacademy/meta_review/app/controllers/welcome_controller.rb": [
        1,
        1,
        null,
        null
      ],
      "/Users/peter/Dropbox/launchacademy/meta_review/app/controllers/comments_controller.rb": [
        1,
        1,
        null,
        1,
        2,
        2,
        null,
        null,
        1,
        2,
        2,
        2,
        null,
        2,
        1,
        null,
        1,
        null,
        null,
        null,
        1,
        2,
        2,
        null,
        null,
        1,
        2,
        2,
        2,
        null,
        2,
        1,
        null,
        1,
        null,
        null,
        null,
        1,
        1,
        1,
        1,
        null,
        1,
        null,
        1,
        null,
        null,
        1,
        null,
        1,
        4,
        null,
        null
      ],
      "/Users/peter/Dropbox/launchacademy/meta_review/app/models/comment.rb": [
        1,
        1,
        1,
        null,
        1,
        null
      ],
      "/Users/peter/Dropbox/launchacademy/meta_review/app/controllers/sites_controller.rb": [
        1,
        1,
        null,
        null,
        1,
        1,
        null,
        null,
        1,
        15,
        15,
        null,
        15,
        15,
        null,
        null,
        null,
        1,
        7,
        null,
        null,
        1,
        7,
        null,
        7,
        1,
        null,
        6,
        null,
        null,
        null,
        1,
        4,
        null,
        null,
        1,
        4,
        null,
        4,
        1,
        null,
        3,
        null,
        null,
        null,
        1,
        1,
        null,
        1,
        null,
        1,
        null,
        null,
        1,
        null,
        1,
        11,
        null,
        null,
        null
      ],
      "/Users/peter/Dropbox/launchacademy/meta_review/app/controllers/reviews_controller.rb": [
        1,
        1,
        null,
        1,
        5,
        5,
        null,
        null,
        1,
        5,
        5,
        5,
        5,
        1,
        null,
        4,
        null,
        null,
        null,
        1,
        4,
        4,
        null,
        null,
        1,
        4,
        4,
        null,
        4,
        1,
        null,
        3,
        null,
        null,
        null,
        1,
        1,
        1,
        null,
        1,
        null,
        1,
        null,
        null,
        1,
        null,
        1,
        9,
        null,
        null
      ]
    },
    "timestamp": 1411761933
  }
}
